<?xml version="1.0" encoding="UTF-8"?>
<testng-results skipped="0" failed="0" ignored="0" total="2" passed="2">
  <reporter-output>
  </reporter-output>
  <suite name="Default suite" duration-ms="139" started-at="2020-05-23T17:10:41 CDT" finished-at="2020-05-23T17:10:42 CDT">
    <groups>
    </groups>
    <test name="Default test" duration-ms="139" started-at="2020-05-23T17:10:41 CDT" finished-at="2020-05-23T17:10:42 CDT">
      <class name="masjidquba.Mavenjava.SeleniumTest">
        <test-method status="PASS" signature="BrowrserAutomation()[pri:0, instance:masjidquba.Mavenjava.SeleniumTest@36b4cef0]" name="BrowrserAutomation" duration-ms="32" started-at="2020-05-23T17:10:41 CDT" finished-at="2020-05-23T17:10:42 CDT">
          <reporter-output>
          </reporter-output>
        </test-method> <!-- BrowrserAutomation -->
        <test-method status="PASS" signature="elementsUi()[pri:0, instance:masjidquba.Mavenjava.SeleniumTest@36b4cef0]" name="elementsUi" duration-ms="2" started-at="2020-05-23T17:10:42 CDT" finished-at="2020-05-23T17:10:42 CDT">
          <reporter-output>
          </reporter-output>
        </test-method> <!-- elementsUi -->
      </class> <!-- masjidquba.Mavenjava.SeleniumTest -->
    </test> <!-- Default test -->
  </suite> <!-- Default suite -->
</testng-results>
